<?xml version="1.0" encoding="UTF-8"?>

<testsuite name="com.PlaybookSandbox.app.util.UtilsTest" tests="5" failures="1" errors="1" skipped="1" time="0.031" hostname="xtremelabs2-PC-2.local" timestamp="2011-07-20T02:24:54">
  <testcase classname="com.PlaybookSandbox.app.util::UtilsTest" name="divisionWithException" time="0.026"/>
  <testcase classname="com.PlaybookSandbox.app.util::UtilsTest" name="testTwoNumbers" time="0.001"/>
  <testcase classname="com.PlaybookSandbox.app.util::UtilsTest" name="testSampleIgnore" time="0.002">
    <skipped/>
  </testcase>
  <testcase classname="com.PlaybookSandbox.app.util::UtilsTest" name="testSampleFailure" time="0.001">
    <failure message="FAIL! - This is a sample test that will fail." type="com.PlaybookSandbox.app.util::UtilsTest.testSampleFailure"><![CDATA[FAIL! - This is a sample test that will fail.
	at org.flexunit::Assert$/fail()
	at com.PlaybookSandbox.app.util::UtilsTest/testSampleFailure()
	at Function/http://adobe.com/AS3/2006/builtin::apply()
	at flex.lang.reflect::Method/apply()
	at org.flexunit.runners.model::FrameworkMethod/invokeExplosively()
	at org.flexunit.internals.runners.statements::InvokeMethod/evaluate()
	at org.flexunit.internals.runners.statements::RunBeforesInline/handleSequenceExecuteComplete()
	at org.flexunit.token::AsyncTestToken/sendResult()
	at org.flexunit.internals.runners.statements::AsyncStatementBase/sendComplete()
	at org.flexunit.internals.runners.statements::StatementSequencer/sendComplete()
	at org.flexunit.internals.runners.statements::StatementSequencer/handleChildExecuteComplete()
	at org.flexunit.token::AsyncTestToken/sendResult()
	at org.flexunit.internals.runners.statements::InvokeMethod/evaluate()
	at org.flexunit.internals.runners.statements::SequencerWithDecoration/executeStep()
	at org.flexunit.internals.runners.statements::StatementSequencer/handleChildExecuteComplete()
	at org.flexunit.token::AsyncTestToken/sendResult()
	at org.flexunit.internals.runners.statements::InvokeMethod/evaluate()
	at org.flexunit.internals.runners.statements::SequencerWithDecoration/executeStep()
	at org.flexunit.internals.runners.statements::StatementSequencer/handleChildExecuteComplete()
	at org.flexunit.internals.runners.statements::StatementSequencer/evaluate()
	at org.flexunit.internals.runners.statements::RunBeforesInline/evaluate()
	at org.flexunit.internals.runners.statements::RunAftersInline/evaluate()
	at org.flexunit.internals.runners.statements::StackAndFrameManagement/evaluate()
	at org.flexunit.runners::BlockFlexUnit4ClassRunner/runChild()
	at org.flexunit.internals.runners::ChildRunnerSequencer/executeStep()
	at org.flexunit.internals.runners.statements::StatementSequencer/handleChildExecuteComplete()
	at org.flexunit.token::AsyncTestToken/sendResult()
	at org.flexunit.runners::BlockFlexUnit4ClassRunner/runChild()
	at org.flexunit.internals.runners::ChildRunnerSequencer/executeStep()
	at org.flexunit.internals.runners.statements::StatementSequencer/handleChildExecuteComplete()
	at org.flexunit.token::AsyncTestToken/sendResult()
	at org.flexunit.runners::BlockFlexUnit4ClassRunner/handleBlockComplete()
	at org.flexunit.token::AsyncTestToken/sendResult()
	at org.flexunit.internals.runners.statements::StackAndFrameManagement/handleNextExecuteComplete()
	at org.flexunit.token::AsyncTestToken/sendResult()
	at org.flexunit.internals.runners.statements::AsyncStatementBase/sendComplete()
	at org.flexunit.internals.runners.statements::RunAftersInline/handleSequenceExecuteComplete()
	at org.flexunit.token::AsyncTestToken/sendResult()
	at org.flexunit.internals.runners.statements::AsyncStatementBase/sendComplete()
	at org.flexunit.internals.runners.statements::StatementSequencer/sendComplete()
	at org.flexunit.internals.runners.statements::StatementSequencer/handleChildExecuteComplete()
	at org.flexunit.token::AsyncTestToken/sendResult()
	at org.flexunit.internals.runners.statements::InvokeMethod/evaluate()
	at org.flexunit.internals.runners.statements::SequencerWithDecoration/executeStep()
	at org.flexunit.internals.runners.statements::StatementSequencer/handleChildExecuteComplete()
	at org.flexunit.internals.runners.statements::StatementSequencer/evaluate()
	at org.flexunit.internals.runners.statements::RunAftersInline/handleNextStatementExecuteComplete()
	at org.flexunit.token::AsyncTestToken/sendResult()
	at org.flexunit.internals.runners.statements::AsyncStatementBase/sendComplete()
	at org.flexunit.internals.runners.statements::RunBeforesInline/handleNextStatementExecuteComplete()
	at org.flexunit.token::AsyncTestToken/sendResult()
	at org.flexunit.internals.runners.statements::InvokeMethod/evaluate()
	at org.flexunit.internals.runners.statements::RunBeforesInline/handleSequenceExecuteComplete()
	at org.flexunit.token::AsyncTestToken/sendResult()
	at org.flexunit.internals.runners.statements::AsyncStatementBase/sendComplete()
	at org.flexunit.internals.runners.statements::StatementSequencer/sendComplete()
	at org.flexunit.internals.runners.statements::StatementSequencer/handleChildExecuteComplete()
	at org.flexunit.token::AsyncTestToken/sendResult()
	at org.flexunit.internals.runners.statements::InvokeMethod/evaluate()
	at org.flexunit.internals.runners.statements::SequencerWithDecoration/executeStep()
	at org.flexunit.internals.runners.statements::StatementSequencer/handleChildExecuteComplete()
	at org.flexunit.token::AsyncTestToken/sendResult()
	at org.flexunit.internals.runners.statements::InvokeMethod/evaluate()
	at org.flexunit.internals.runners.statements::SequencerWithDecoration/executeStep()]]></failure>
  </testcase>
  <testcase classname="com.PlaybookSandbox.app.util::UtilsTest" name="testSampleError" time="0.001">
    <error message="ERROR! - This is an error" type="com.PlaybookSandbox.app.util::UtilsTest.testSampleError"><![CDATA[Error: ERROR! - This is an error
	at com.PlaybookSandbox.app.util::UtilsTest/testSampleError()
	at Function/http://adobe.com/AS3/2006/builtin::apply()
	at flex.lang.reflect::Method/apply()
	at org.flexunit.runners.model::FrameworkMethod/invokeExplosively()
	at org.flexunit.internals.runners.statements::InvokeMethod/evaluate()
	at org.flexunit.internals.runners.statements::RunBeforesInline/handleSequenceExecuteComplete()
	at org.flexunit.token::AsyncTestToken/sendResult()
	at org.flexunit.internals.runners.statements::AsyncStatementBase/sendComplete()
	at org.flexunit.internals.runners.statements::StatementSequencer/sendComplete()
	at org.flexunit.internals.runners.statements::StatementSequencer/handleChildExecuteComplete()
	at org.flexunit.token::AsyncTestToken/sendResult()
	at org.flexunit.internals.runners.statements::InvokeMethod/evaluate()
	at org.flexunit.internals.runners.statements::SequencerWithDecoration/executeStep()
	at org.flexunit.internals.runners.statements::StatementSequencer/handleChildExecuteComplete()
	at org.flexunit.token::AsyncTestToken/sendResult()
	at org.flexunit.internals.runners.statements::InvokeMethod/evaluate()
	at org.flexunit.internals.runners.statements::SequencerWithDecoration/executeStep()
	at org.flexunit.internals.runners.statements::StatementSequencer/handleChildExecuteComplete()
	at org.flexunit.internals.runners.statements::StatementSequencer/evaluate()
	at org.flexunit.internals.runners.statements::RunBeforesInline/evaluate()
	at org.flexunit.internals.runners.statements::RunAftersInline/evaluate()
	at org.flexunit.internals.runners.statements::StackAndFrameManagement/evaluate()
	at org.flexunit.runners::BlockFlexUnit4ClassRunner/runChild()
	at org.flexunit.internals.runners::ChildRunnerSequencer/executeStep()
	at org.flexunit.internals.runners.statements::StatementSequencer/handleChildExecuteComplete()
	at org.flexunit.token::AsyncTestToken/sendResult()
	at org.flexunit.runners::BlockFlexUnit4ClassRunner/handleBlockComplete()
	at org.flexunit.token::AsyncTestToken/sendResult()
	at org.flexunit.internals.runners.statements::StackAndFrameManagement/handleNextExecuteComplete()
	at org.flexunit.token::AsyncTestToken/sendResult()
	at org.flexunit.internals.runners.statements::AsyncStatementBase/sendComplete()
	at org.flexunit.internals.runners.statements::RunAftersInline/handleSequenceExecuteComplete()
	at org.flexunit.token::AsyncTestToken/sendResult()
	at org.flexunit.internals.runners.statements::AsyncStatementBase/sendComplete()
	at org.flexunit.internals.runners.statements::StatementSequencer/sendComplete()
	at org.flexunit.internals.runners.statements::StatementSequencer/handleChildExecuteComplete()
	at org.flexunit.token::AsyncTestToken/sendResult()
	at org.flexunit.internals.runners.statements::InvokeMethod/evaluate()
	at org.flexunit.internals.runners.statements::SequencerWithDecoration/executeStep()
	at org.flexunit.internals.runners.statements::StatementSequencer/handleChildExecuteComplete()
	at org.flexunit.internals.runners.statements::StatementSequencer/evaluate()
	at org.flexunit.internals.runners.statements::RunAftersInline/handleNextStatementExecuteComplete()
	at org.flexunit.token::AsyncTestToken/sendResult()
	at org.flexunit.internals.runners.statements::AsyncStatementBase/sendComplete()
	at org.flexunit.internals.runners.statements::RunBeforesInline/handleNextStatementExecuteComplete()
	at org.flexunit.token::AsyncTestToken/sendResult()
	at org.flexunit.internals.runners.statements::InvokeMethod/evaluate()
	at org.flexunit.internals.runners.statements::RunBeforesInline/handleSequenceExecuteComplete()
	at org.flexunit.token::AsyncTestToken/sendResult()
	at org.flexunit.internals.runners.statements::AsyncStatementBase/sendComplete()
	at org.flexunit.internals.runners.statements::StatementSequencer/sendComplete()
	at org.flexunit.internals.runners.statements::StatementSequencer/handleChildExecuteComplete()
	at org.flexunit.token::AsyncTestToken/sendResult()
	at org.flexunit.internals.runners.statements::InvokeMethod/evaluate()
	at org.flexunit.internals.runners.statements::SequencerWithDecoration/executeStep()
	at org.flexunit.internals.runners.statements::StatementSequencer/handleChildExecuteComplete()
	at org.flexunit.token::AsyncTestToken/sendResult()
	at org.flexunit.internals.runners.statements::InvokeMethod/evaluate()
	at org.flexunit.internals.runners.statements::SequencerWithDecoration/executeStep()
	at org.flexunit.internals.runners.statements::StatementSequencer/handleChildExecuteComplete()
	at org.flexunit.internals.runners.statements::StatementSequencer/evaluate()
	at org.flexunit.internals.runners.statements::RunBeforesInline/evaluate()
	at org.flexunit.internals.runners.statements::RunAftersInline/evaluate()
	at org.flexunit.internals.runners.statements::StackAndFrameManagement/evaluate()]]></error>
  </testcase>
</testsuite>
